Hmm ... looks like a package

This is pdfTeX, Version 3.14159265-2.6-1.40.17 (TeX Live 2016) (preloaded format=pdflatex)
 restricted \write18 enabled.
entering extended mode
LaTeX2e <2016/03/31>
Babel <3.9r> and hyphenation patterns for 83 language(s) loaded.
(./Rd2.tex
(/usr/local/texlive/2016/texmf-dist/tex/latex/base/book.cls
Document Class: book 2014/09/29 v1.4h Standard LaTeX document class
(/usr/local/texlive/2016/texmf-dist/tex/latex/base/bk10.clo))
(/Library/Frameworks/R.framework/Resources/share/texmf/tex/latex/Rd.sty
(/usr/local/texlive/2016/texmf-dist/tex/latex/base/ifthen.sty)
(/usr/local/texlive/2016/texmf-dist/tex/latex/tools/longtable.sty)
(/usr/local/texlive/2016/texmf-dist/tex/latex/tools/bm.sty)
(/usr/local/texlive/2016/texmf-dist/tex/latex/base/alltt.sty)
(/usr/local/texlive/2016/texmf-dist/tex/latex/tools/verbatim.sty)
(/usr/local/texlive/2016/texmf-dist/tex/latex/url/url.sty)
(/usr/local/texlive/2016/texmf-dist/tex/latex/base/textcomp.sty
(/usr/local/texlive/2016/texmf-dist/tex/latex/base/ts1enc.def))
(/usr/local/texlive/2016/texmf-dist/tex/latex/base/fontenc.sty
(/usr/local/texlive/2016/texmf-dist/tex/latex/base/t1enc.def))
(/usr/local/texlive/2016/texmf-dist/tex/latex/psnfss/times.sty)
(/usr/local/texlive/2016/texmf-dist/tex/latex/inconsolata/zi4.sty
`inconsolata-zi4' v1.10, 2016/02/22 Text macros for Inconsolata (msharpe)
(/usr/local/texlive/2016/texmf-dist/tex/latex/graphics/keyval.sty))
(/usr/local/texlive/2016/texmf-dist/tex/latex/graphics/color.sty
(/usr/local/texlive/2016/texmf-dist/tex/latex/graphics-cfg/color.cfg)
(/usr/local/texlive/2016/texmf-dist/tex/latex/pdftex-def/pdftex.def
(/usr/local/texlive/2016/texmf-dist/tex/generic/oberdiek/infwarerr.sty)
(/usr/local/texlive/2016/texmf-dist/tex/generic/oberdiek/ltxcmds.sty)))
(/usr/local/texlive/2016/texmf-dist/tex/latex/hyperref/hyperref.sty
(/usr/local/texlive/2016/texmf-dist/tex/generic/oberdiek/hobsub-hyperref.sty
(/usr/local/texlive/2016/texmf-dist/tex/generic/oberdiek/hobsub-generic.sty))
(/usr/local/texlive/2016/texmf-dist/tex/generic/ifxetex/ifxetex.sty)
(/usr/local/texlive/2016/texmf-dist/tex/latex/oberdiek/auxhook.sty)
(/usr/local/texlive/2016/texmf-dist/tex/latex/oberdiek/kvoptions.sty)
(/usr/local/texlive/2016/texmf-dist/tex/latex/hyperref/pd1enc.def)
(/usr/local/texlive/2016/texmf-dist/tex/latex/latexconfig/hyperref.cfg))

Package hyperref Message: Driver (autodetected): hpdftex.

(/usr/local/texlive/2016/texmf-dist/tex/latex/hyperref/hpdftex.def
(/usr/local/texlive/2016/texmf-dist/tex/latex/oberdiek/rerunfilecheck.sty))

Package hyperref Warning: Option `hyperindex' has already been used,
(hyperref)                setting the option has no effect on input line 366.


Package hyperref Warning: Option `pagebackref' has already been used,
(hyperref)                setting the option has no effect on input line 366.

) (/usr/local/texlive/2016/texmf-dist/tex/latex/base/makeidx.sty)
(/usr/local/texlive/2016/texmf-dist/tex/latex/base/inputenc.sty
(/usr/local/texlive/2016/texmf-dist/tex/latex/base/utf8.def
(/usr/local/texlive/2016/texmf-dist/tex/latex/base/t1enc.dfu)
(/usr/local/texlive/2016/texmf-dist/tex/latex/base/ot1enc.dfu)
(/usr/local/texlive/2016/texmf-dist/tex/latex/base/omsenc.dfu)
(/usr/local/texlive/2016/texmf-dist/tex/latex/base/ts1enc.dfu)))
Writing index file Rd2.idx
No file Rd2.aux.
(/usr/local/texlive/2016/texmf-dist/tex/latex/base/ts1cmr.fd)
(/usr/local/texlive/2016/texmf-dist/tex/latex/psnfss/t1ptm.fd)
(/usr/local/texlive/2016/texmf-dist/tex/context/base/mkii/supp-pdf.mkii
[Loading MPS to PDF converter (version 2006.09.02).]
) (/usr/local/texlive/2016/texmf-dist/tex/latex/hyperref/nameref.sty
(/usr/local/texlive/2016/texmf-dist/tex/generic/oberdiek/gettitlestring.sty))
(/usr/local/texlive/2016/texmf-dist/tex/latex/base/utf8.def)
(/usr/local/texlive/2016/texmf-dist/tex/latex/inconsolata/t1zi4.fd)
(/usr/local/texlive/2016/texmf-dist/tex/latex/psnfss/ts1ptm.fd)
(/usr/local/texlive/2016/texmf-dist/tex/latex/psnfss/t1phv.fd)
(/usr/local/texlive/2016/texmf-dist/tex/latex/base/utf8.def) [1{/usr/local/texl
ive/2016/texmf-var/fonts/map/pdftex/updmap/pdftex.map}]
Overfull \hbox (43.54709pt too wide) in paragraph at lines 67--69
[]\T1/ptm/m/n/10 When this func-tion does not re-turn \T1/zi4/m/n/10 TRUE\T1/pt
m/m/n/10 , it re-turns \T1/zi4/m/n/10 FALSE \T1/ptm/m/n/10 (un-less it er-rors)
. This is un-like [][]\T1/zi4/m/n/10 base::all.equal()[][][]\T1/ptm/m/n/10 . 
(/usr/local/texlive/2016/texmf-dist/tex/latex/base/utf8.def) [2]
(/usr/local/texlive/2016/texmf-dist/tex/latex/base/utf8.def)
(/usr/local/texlive/2016/texmf-dist/tex/latex/base/utf8.def) [3]
(/usr/local/texlive/2016/texmf-dist/tex/latex/base/utf8.def)
(/usr/local/texlive/2016/texmf-dist/tex/latex/base/utf8.def)
(/usr/local/texlive/2016/texmf-dist/tex/latex/base/utf8.def) [4]
(/usr/local/texlive/2016/texmf-dist/tex/latex/base/utf8.def) [5]
(/usr/local/texlive/2016/texmf-dist/tex/latex/base/utf8.def)
(/usr/local/texlive/2016/texmf-dist/tex/latex/base/utf8.def) [6]
(/usr/local/texlive/2016/texmf-dist/tex/latex/base/utf8.def)
(/usr/local/texlive/2016/texmf-dist/tex/latex/base/utf8.def) [7]
(/usr/local/texlive/2016/texmf-dist/tex/latex/base/utf8.def)
(/usr/local/texlive/2016/texmf-dist/tex/latex/base/utf8.def) [8]
(/usr/local/texlive/2016/texmf-dist/tex/latex/base/utf8.def) [9]
(/usr/local/texlive/2016/texmf-dist/tex/latex/base/utf8.def) [10]
(/usr/local/texlive/2016/texmf-dist/tex/latex/base/utf8.def)
(/usr/local/texlive/2016/texmf-dist/tex/latex/base/utf8.def) [11]
(/usr/local/texlive/2016/texmf-dist/tex/latex/base/utf8.def) [12] [13]
(/usr/local/texlive/2016/texmf-dist/tex/latex/base/utf8.def)
(/usr/local/texlive/2016/texmf-dist/tex/latex/base/utf8.def) [14]
(/usr/local/texlive/2016/texmf-dist/tex/latex/base/utf8.def)
(/usr/local/texlive/2016/texmf-dist/tex/latex/base/utf8.def) [15]
(/usr/local/texlive/2016/texmf-dist/tex/latex/base/utf8.def)
(/usr/local/texlive/2016/texmf-dist/tex/latex/base/utf8.def) [16]
(/usr/local/texlive/2016/texmf-dist/tex/latex/base/utf8.def)
(/usr/local/texlive/2016/texmf-dist/tex/latex/base/utf8.def) [17]
(/usr/local/texlive/2016/texmf-dist/tex/latex/base/utf8.def)
(/usr/local/texlive/2016/texmf-dist/tex/latex/base/utf8.def) [18]
(/usr/local/texlive/2016/texmf-dist/tex/latex/base/utf8.def)
(/usr/local/texlive/2016/texmf-dist/tex/latex/base/utf8.def) [19]
(/usr/local/texlive/2016/texmf-dist/tex/latex/base/utf8.def)
(/usr/local/texlive/2016/texmf-dist/tex/latex/base/utf8.def)
(/usr/local/texlive/2016/texmf-dist/tex/latex/base/utf8.def) [20]
No file Rd2.ind.
[21] (./Rd2.aux)

Package rerunfilecheck Warning: File `Rd2.out' has changed.
(rerunfilecheck)                Rerun to get outlines right
(rerunfilecheck)                or use package `bookmark'.

 )
(see the transcript file for additional information)pdfTeX warning (dest): name
{Rfn.strex::str.Rul.trim.Rul.anything\(\)} has been referenced but does not exi
st, replaced by a fixed one

pdfTeX warning (dest): name{Rfn.strex::str.Rul.to.Rul.vec\(\)} has been referen
ced but does not exist, replaced by a fixed one

pdfTeX warning (dest): name{Rfn.strex::str.Rul.split.Rul.camel.Rul.case\(\)} ha
s been referenced but does not exist, replaced by a fixed one

pdfTeX warning (dest): name{Rfn.strex::str.Rul.split.Rul.by.Rul.nums\(\)} has b
een referenced but does not exist, replaced by a fixed one

pdfTeX warning (dest): name{Rfn.strex::str.Rul.paste.Rul.elems\(\)} has been re
ferenced but does not exist, replaced by a fixed one

pdfTeX warning (dest): name{Rfn.strex::str.Rul.locate.Rul.nth\(\)} has been ref
erenced but does not exist, replaced by a fixed one

pdfTeX warning (dest): name{Rfn.stringr::str.Rul.sub\(\)} has been referenced b
ut does not exist, replaced by a fixed one

pdfTeX warning (dest): name{Rfn.strex::str.Rul.elem\(\)} has been referenced bu
t does not exist, replaced by a fixed one

pdfTeX warning (dest): name{Rfn.strex::str.Rul.after.Rul.nth\(\)} has been refe
renced but does not exist, replaced by a fixed one

pdfTeX warning (dest): name{Rfn.strex::str.Rul.singleize\(\)} has been referenc
ed but does not exist, replaced by a fixed one

pdfTeX warning (dest): name{Rfn.strex::str.Rul.remove.Rul.quoted\(\)} has been 
referenced but does not exist, replaced by a fixed one

pdfTeX warning (dest): name{Rfn.as.character} has been referenced but does not 
exist, replaced by a fixed one

pdfTeX warning (dest): name{Rfn.stringr::str.Rul.locate\(\)} has been reference
d but does not exist, replaced by a fixed one

pdfTeX warning (dest): name{Rfn.strex::str.Rul.nth.Rul.number.Rul.after.Rul.mth
\(\)} has been referenced but does not exist, replaced by a fixed one

pdfTeX warning (dest): name{Rfn.strex::str.Rul.alphord.Rul.nums\(\)} has been r
eferenced but does not exist, replaced by a fixed one

pdfTeX warning (dest): name{Rfn.strex::match.Rul.arg\(\)} has been referenced b
ut does not exist, replaced by a fixed one

pdfTeX warning (dest): name{Rfn.strex::str.Rul.locate.Rul.braces\(\)} has been 
referenced but does not exist, replaced by a fixed one

pdfTeX warning (dest): name{Rfn.strex::str.Rul.give.Rul.ext\(\)} has been refer
enced but does not exist, replaced by a fixed one

pdfTeX warning (dest): name{Rfn.strex::str.Rul.extract.Rul.numbers\(\)} has bee
n referenced but does not exist, replaced by a fixed one

pdfTeX warning (dest): name{Rfn.strex::str.Rul.extract.Rul.non.Rul.numerics\(\)
} has been referenced but does not exist, replaced by a fixed one

pdfTeX warning (dest): name{Rfn.strex::str.Rul.get.Rul.currency\(\)} has been r
eferenced but does not exist, replaced by a fixed one

pdfTeX warning (dest): name{Rfn.strex::str.Rul.can.Rul.be.Rul.numeric\(\)} has 
been referenced but does not exist, replaced by a fixed one

pdfTeX warning (dest): name{Rfn.strex::str.Rul.before.Rul.last.Rul.dot\(\)} has
 been referenced but does not exist, replaced by a fixed one

pdfTeX warning (dest): name{Rfn.dplyr::all.Rul.equal\(\)} has been referenced b
ut does not exist, replaced by a fixed one

pdfTeX warning (dest): name{Rfn.base::all.equal\(\)} has been referenced but do
es not exist, replaced by a fixed one

pdfTeX warning (dest): name{Rfn.all.equal} has been referenced but does not exi
st, replaced by a fixed one

{/usr/local/texlive/2016/texmf-dist/fonts/enc/dvips/base/8r.enc}{/usr/local/tex
live/2016/texmf-dist/fonts/enc/dvips/inconsolata/i4-t1-0.enc}</usr/local/texliv
e/2016/texmf-dist/fonts/type1/public/inconsolata/Inconsolata-zi4r.pfb></usr/loc
al/texlive/2016/texmf-dist/fonts/type1/public/amsfonts/cm/cmmi10.pfb></usr/loca
l/texlive/2016/texmf-dist/fonts/type1/public/amsfonts/cm/cmr10.pfb></usr/local/
texlive/2016/texmf-dist/fonts/type1/urw/helvetic/uhvr8a.pfb></usr/local/texlive
/2016/texmf-dist/fonts/type1/urw/times/utmb8a.pfb></usr/local/texlive/2016/texm
f-dist/fonts/type1/urw/times/utmr8a.pfb></usr/local/texlive/2016/texmf-dist/fon
ts/type1/urw/times/utmr8a.pfb></usr/local/texlive/2016/texmf-dist/fonts/type1/u
rw/times/utmri8a.pfb>
Output written on Rd2.pdf (21 pages, 135020 bytes).
Transcript written on Rd2.log.
This is makeindex, version 2.15 [TeX Live 2016] (kpathsea + Thai support).
Scanning input file Rd2.idx....done (104 entries accepted, 0 rejected).
Sorting entries....done (727 comparisons).
Generating output file Rd2.ind....done (200 lines written, 0 warnings).
Output written in Rd2.ind.
Transcript written in Rd2.ilg.
This is pdfTeX, Version 3.14159265-2.6-1.40.17 (TeX Live 2016) (preloaded format=pdflatex)
 restricted \write18 enabled.
entering extended mode
LaTeX2e <2016/03/31>
Babel <3.9r> and hyphenation patterns for 83 language(s) loaded.
(./Rd2.tex
(/usr/local/texlive/2016/texmf-dist/tex/latex/base/book.cls
Document Class: book 2014/09/29 v1.4h Standard LaTeX document class
(/usr/local/texlive/2016/texmf-dist/tex/latex/base/bk10.clo))
(/Library/Frameworks/R.framework/Resources/share/texmf/tex/latex/Rd.sty
(/usr/local/texlive/2016/texmf-dist/tex/latex/base/ifthen.sty)
(/usr/local/texlive/2016/texmf-dist/tex/latex/tools/longtable.sty)
(/usr/local/texlive/2016/texmf-dist/tex/latex/tools/bm.sty)
(/usr/local/texlive/2016/texmf-dist/tex/latex/base/alltt.sty)
(/usr/local/texlive/2016/texmf-dist/tex/latex/tools/verbatim.sty)
(/usr/local/texlive/2016/texmf-dist/tex/latex/url/url.sty)
(/usr/local/texlive/2016/texmf-dist/tex/latex/base/textcomp.sty
(/usr/local/texlive/2016/texmf-dist/tex/latex/base/ts1enc.def))
(/usr/local/texlive/2016/texmf-dist/tex/latex/base/fontenc.sty
(/usr/local/texlive/2016/texmf-dist/tex/latex/base/t1enc.def))
(/usr/local/texlive/2016/texmf-dist/tex/latex/psnfss/times.sty)
(/usr/local/texlive/2016/texmf-dist/tex/latex/inconsolata/zi4.sty
`inconsolata-zi4' v1.10, 2016/02/22 Text macros for Inconsolata (msharpe)
(/usr/local/texlive/2016/texmf-dist/tex/latex/graphics/keyval.sty))
(/usr/local/texlive/2016/texmf-dist/tex/latex/graphics/color.sty
(/usr/local/texlive/2016/texmf-dist/tex/latex/graphics-cfg/color.cfg)
(/usr/local/texlive/2016/texmf-dist/tex/latex/pdftex-def/pdftex.def
(/usr/local/texlive/2016/texmf-dist/tex/generic/oberdiek/infwarerr.sty)
(/usr/local/texlive/2016/texmf-dist/tex/generic/oberdiek/ltxcmds.sty)))
(/usr/local/texlive/2016/texmf-dist/tex/latex/hyperref/hyperref.sty
(/usr/local/texlive/2016/texmf-dist/tex/generic/oberdiek/hobsub-hyperref.sty
(/usr/local/texlive/2016/texmf-dist/tex/generic/oberdiek/hobsub-generic.sty))
(/usr/local/texlive/2016/texmf-dist/tex/generic/ifxetex/ifxetex.sty)
(/usr/local/texlive/2016/texmf-dist/tex/latex/oberdiek/auxhook.sty)
(/usr/local/texlive/2016/texmf-dist/tex/latex/oberdiek/kvoptions.sty)
(/usr/local/texlive/2016/texmf-dist/tex/latex/hyperref/pd1enc.def)
(/usr/local/texlive/2016/texmf-dist/tex/latex/latexconfig/hyperref.cfg))

Package hyperref Message: Driver (autodetected): hpdftex.

(/usr/local/texlive/2016/texmf-dist/tex/latex/hyperref/hpdftex.def
(/usr/local/texlive/2016/texmf-dist/tex/latex/oberdiek/rerunfilecheck.sty))

Package hyperref Warning: Option `hyperindex' has already been used,
(hyperref)                setting the option has no effect on input line 366.


Package hyperref Warning: Option `pagebackref' has already been used,
(hyperref)                setting the option has no effect on input line 366.

) (/usr/local/texlive/2016/texmf-dist/tex/latex/base/makeidx.sty)
(/usr/local/texlive/2016/texmf-dist/tex/latex/base/inputenc.sty
(/usr/local/texlive/2016/texmf-dist/tex/latex/base/utf8.def
(/usr/local/texlive/2016/texmf-dist/tex/latex/base/t1enc.dfu)
(/usr/local/texlive/2016/texmf-dist/tex/latex/base/ot1enc.dfu)
(/usr/local/texlive/2016/texmf-dist/tex/latex/base/omsenc.dfu)
(/usr/local/texlive/2016/texmf-dist/tex/latex/base/ts1enc.dfu)))
Writing index file Rd2.idx
(./Rd2.aux) (/usr/local/texlive/2016/texmf-dist/tex/latex/base/ts1cmr.fd)
(/usr/local/texlive/2016/texmf-dist/tex/latex/psnfss/t1ptm.fd)
(/usr/local/texlive/2016/texmf-dist/tex/context/base/mkii/supp-pdf.mkii
[Loading MPS to PDF converter (version 2006.09.02).]
) (/usr/local/texlive/2016/texmf-dist/tex/latex/hyperref/nameref.sty
(/usr/local/texlive/2016/texmf-dist/tex/generic/oberdiek/gettitlestring.sty))
(./Rd2.out) (./Rd2.out)
(/usr/local/texlive/2016/texmf-dist/tex/latex/base/utf8.def)
(/usr/local/texlive/2016/texmf-dist/tex/latex/inconsolata/t1zi4.fd)
(/usr/local/texlive/2016/texmf-dist/tex/latex/psnfss/ts1ptm.fd)
(/usr/local/texlive/2016/texmf-dist/tex/latex/psnfss/t1phv.fd) (./Rd2.toc
[1{/usr/local/texlive/2016/texmf-var/fonts/map/pdftex/updmap/pdftex.map}])
(/usr/local/texlive/2016/texmf-dist/tex/latex/base/utf8.def)
Overfull \hbox (43.54709pt too wide) in paragraph at lines 67--69
[]\T1/ptm/m/n/10 When this func-tion does not re-turn \T1/zi4/m/n/10 TRUE\T1/pt
m/m/n/10 , it re-turns \T1/zi4/m/n/10 FALSE \T1/ptm/m/n/10 (un-less it er-rors)
. This is un-like [][]\T1/zi4/m/n/10 base::all.equal()[][][]\T1/ptm/m/n/10 . 
[2] (/usr/local/texlive/2016/texmf-dist/tex/latex/base/utf8.def)
(/usr/local/texlive/2016/texmf-dist/tex/latex/base/utf8.def) [3]
(/usr/local/texlive/2016/texmf-dist/tex/latex/base/utf8.def)
(/usr/local/texlive/2016/texmf-dist/tex/latex/base/utf8.def) [4]
(/usr/local/texlive/2016/texmf-dist/tex/latex/base/utf8.def)
(/usr/local/texlive/2016/texmf-dist/tex/latex/base/utf8.def) [5]
(/usr/local/texlive/2016/texmf-dist/tex/latex/base/utf8.def) [6]
(/usr/local/texlive/2016/texmf-dist/tex/latex/base/utf8.def)
(/usr/local/texlive/2016/texmf-dist/tex/latex/base/utf8.def) [7]
(/usr/local/texlive/2016/texmf-dist/tex/latex/base/utf8.def)
(/usr/local/texlive/2016/texmf-dist/tex/latex/base/utf8.def) [8]
(/usr/local/texlive/2016/texmf-dist/tex/latex/base/utf8.def)
(/usr/local/texlive/2016/texmf-dist/tex/latex/base/utf8.def) [9]
(/usr/local/texlive/2016/texmf-dist/tex/latex/base/utf8.def) [10]
(/usr/local/texlive/2016/texmf-dist/tex/latex/base/utf8.def) [11]
(/usr/local/texlive/2016/texmf-dist/tex/latex/base/utf8.def)
(/usr/local/texlive/2016/texmf-dist/tex/latex/base/utf8.def) [12]
(/usr/local/texlive/2016/texmf-dist/tex/latex/base/utf8.def) [13] [14]
(/usr/local/texlive/2016/texmf-dist/tex/latex/base/utf8.def)
(/usr/local/texlive/2016/texmf-dist/tex/latex/base/utf8.def) [15]
(/usr/local/texlive/2016/texmf-dist/tex/latex/base/utf8.def)
(/usr/local/texlive/2016/texmf-dist/tex/latex/base/utf8.def) [16]
(/usr/local/texlive/2016/texmf-dist/tex/latex/base/utf8.def)
(/usr/local/texlive/2016/texmf-dist/tex/latex/base/utf8.def) [17]
(/usr/local/texlive/2016/texmf-dist/tex/latex/base/utf8.def)
(/usr/local/texlive/2016/texmf-dist/tex/latex/base/utf8.def) [18]
(/usr/local/texlive/2016/texmf-dist/tex/latex/base/utf8.def)
(/usr/local/texlive/2016/texmf-dist/tex/latex/base/utf8.def) [19]
(/usr/local/texlive/2016/texmf-dist/tex/latex/base/utf8.def)
(/usr/local/texlive/2016/texmf-dist/tex/latex/base/utf8.def) [20]
(/usr/local/texlive/2016/texmf-dist/tex/latex/base/utf8.def)
(/usr/local/texlive/2016/texmf-dist/tex/latex/base/utf8.def)
(/usr/local/texlive/2016/texmf-dist/tex/latex/base/utf8.def) [21] (./Rd2.ind
[22]

LaTeX Font Warning: Font shape `T1/zi4/m/it' undefined
(Font)              using `T1/zi4/m/n' instead on input line 15.

[23] [24]) (./Rd2.aux)

Package rerunfilecheck Warning: File `Rd2.out' has changed.
(rerunfilecheck)                Rerun to get outlines right
(rerunfilecheck)                or use package `bookmark'.


LaTeX Font Warning: Some font shapes were not available, defaults substituted.

 )
(see the transcript file for additional information)pdfTeX warning (dest): name
{Rfn.strex::str.Rul.trim.Rul.anything\(\)} has been referenced but does not exi
st, replaced by a fixed one

pdfTeX warning (dest): name{Rfn.strex::str.Rul.to.Rul.vec\(\)} has been referen
ced but does not exist, replaced by a fixed one

pdfTeX warning (dest): name{Rfn.strex::str.Rul.split.Rul.camel.Rul.case\(\)} ha
s been referenced but does not exist, replaced by a fixed one

pdfTeX warning (dest): name{Rfn.strex::str.Rul.split.Rul.by.Rul.nums\(\)} has b
een referenced but does not exist, replaced by a fixed one

pdfTeX warning (dest): name{Rfn.strex::str.Rul.paste.Rul.elems\(\)} has been re
ferenced but does not exist, replaced by a fixed one

pdfTeX warning (dest): name{Rfn.strex::str.Rul.locate.Rul.nth\(\)} has been ref
erenced but does not exist, replaced by a fixed one

pdfTeX warning (dest): name{Rfn.stringr::str.Rul.sub\(\)} has been referenced b
ut does not exist, replaced by a fixed one

pdfTeX warning (dest): name{Rfn.strex::str.Rul.elem\(\)} has been referenced bu
t does not exist, replaced by a fixed one

pdfTeX warning (dest): name{Rfn.strex::str.Rul.after.Rul.nth\(\)} has been refe
renced but does not exist, replaced by a fixed one

pdfTeX warning (dest): name{Rfn.strex::str.Rul.singleize\(\)} has been referenc
ed but does not exist, replaced by a fixed one

pdfTeX warning (dest): name{Rfn.strex::str.Rul.remove.Rul.quoted\(\)} has been 
referenced but does not exist, replaced by a fixed one

pdfTeX warning (dest): name{Rfn.as.character} has been referenced but does not 
exist, replaced by a fixed one

pdfTeX warning (dest): name{Rfn.stringr::str.Rul.locate\(\)} has been reference
d but does not exist, replaced by a fixed one

pdfTeX warning (dest): name{Rfn.strex::str.Rul.nth.Rul.number.Rul.after.Rul.mth
\(\)} has been referenced but does not exist, replaced by a fixed one

pdfTeX warning (dest): name{Rfn.strex::str.Rul.alphord.Rul.nums\(\)} has been r
eferenced but does not exist, replaced by a fixed one

pdfTeX warning (dest): name{Rfn.strex::match.Rul.arg\(\)} has been referenced b
ut does not exist, replaced by a fixed one

pdfTeX warning (dest): name{Rfn.strex::str.Rul.locate.Rul.braces\(\)} has been 
referenced but does not exist, replaced by a fixed one

pdfTeX warning (dest): name{Rfn.strex::str.Rul.give.Rul.ext\(\)} has been refer
enced but does not exist, replaced by a fixed one

pdfTeX warning (dest): name{Rfn.strex::str.Rul.extract.Rul.numbers\(\)} has bee
n referenced but does not exist, replaced by a fixed one

pdfTeX warning (dest): name{Rfn.strex::str.Rul.extract.Rul.non.Rul.numerics\(\)
} has been referenced but does not exist, replaced by a fixed one

pdfTeX warning (dest): name{Rfn.strex::str.Rul.get.Rul.currency\(\)} has been r
eferenced but does not exist, replaced by a fixed one

pdfTeX warning (dest): name{Rfn.strex::str.Rul.can.Rul.be.Rul.numeric\(\)} has 
been referenced but does not exist, replaced by a fixed one

pdfTeX warning (dest): name{Rfn.strex::str.Rul.before.Rul.last.Rul.dot\(\)} has
 been referenced but does not exist, replaced by a fixed one

pdfTeX warning (dest): name{Rfn.dplyr::all.Rul.equal\(\)} has been referenced b
ut does not exist, replaced by a fixed one

pdfTeX warning (dest): name{Rfn.base::all.equal\(\)} has been referenced but do
es not exist, replaced by a fixed one

pdfTeX warning (dest): name{Rfn.all.equal} has been referenced but does not exi
st, replaced by a fixed one

{/usr/local/texlive/2016/texmf-dist/fonts/enc/dvips/base/8r.enc}{/usr/local/tex
live/2016/texmf-dist/fonts/enc/dvips/inconsolata/i4-t1-0.enc}</usr/local/texliv
e/2016/texmf-dist/fonts/type1/public/inconsolata/Inconsolata-zi4r.pfb></usr/loc
al/texlive/2016/texmf-dist/fonts/type1/public/amsfonts/cm/cmmi10.pfb></usr/loca
l/texlive/2016/texmf-dist/fonts/type1/public/amsfonts/cm/cmr10.pfb></usr/local/
texlive/2016/texmf-dist/fonts/type1/urw/helvetic/uhvr8a.pfb></usr/local/texlive
/2016/texmf-dist/fonts/type1/urw/times/utmb8a.pfb></usr/local/texlive/2016/texm
f-dist/fonts/type1/urw/times/utmr8a.pfb></usr/local/texlive/2016/texmf-dist/fon
ts/type1/urw/times/utmr8a.pfb></usr/local/texlive/2016/texmf-dist/fonts/type1/u
rw/times/utmri8a.pfb>
Output written on Rd2.pdf (24 pages, 147608 bytes).
Transcript written on Rd2.log.
This is makeindex, version 2.15 [TeX Live 2016] (kpathsea + Thai support).
Scanning input file Rd2.idx....done (104 entries accepted, 0 rejected).
Sorting entries....done (726 comparisons).
Generating output file Rd2.ind....done (200 lines written, 0 warnings).
Output written in Rd2.ind.
Transcript written in Rd2.ilg.
This is pdfTeX, Version 3.14159265-2.6-1.40.17 (TeX Live 2016) (preloaded format=pdflatex)
 restricted \write18 enabled.
entering extended mode
LaTeX2e <2016/03/31>
Babel <3.9r> and hyphenation patterns for 83 language(s) loaded.
(./Rd2.tex
(/usr/local/texlive/2016/texmf-dist/tex/latex/base/book.cls
Document Class: book 2014/09/29 v1.4h Standard LaTeX document class
(/usr/local/texlive/2016/texmf-dist/tex/latex/base/bk10.clo))
(/Library/Frameworks/R.framework/Resources/share/texmf/tex/latex/Rd.sty
(/usr/local/texlive/2016/texmf-dist/tex/latex/base/ifthen.sty)
(/usr/local/texlive/2016/texmf-dist/tex/latex/tools/longtable.sty)
(/usr/local/texlive/2016/texmf-dist/tex/latex/tools/bm.sty)
(/usr/local/texlive/2016/texmf-dist/tex/latex/base/alltt.sty)
(/usr/local/texlive/2016/texmf-dist/tex/latex/tools/verbatim.sty)
(/usr/local/texlive/2016/texmf-dist/tex/latex/url/url.sty)
(/usr/local/texlive/2016/texmf-dist/tex/latex/base/textcomp.sty
(/usr/local/texlive/2016/texmf-dist/tex/latex/base/ts1enc.def))
(/usr/local/texlive/2016/texmf-dist/tex/latex/base/fontenc.sty
(/usr/local/texlive/2016/texmf-dist/tex/latex/base/t1enc.def))
(/usr/local/texlive/2016/texmf-dist/tex/latex/psnfss/times.sty)
(/usr/local/texlive/2016/texmf-dist/tex/latex/inconsolata/zi4.sty
`inconsolata-zi4' v1.10, 2016/02/22 Text macros for Inconsolata (msharpe)
(/usr/local/texlive/2016/texmf-dist/tex/latex/graphics/keyval.sty))
(/usr/local/texlive/2016/texmf-dist/tex/latex/graphics/color.sty
(/usr/local/texlive/2016/texmf-dist/tex/latex/graphics-cfg/color.cfg)
(/usr/local/texlive/2016/texmf-dist/tex/latex/pdftex-def/pdftex.def
(/usr/local/texlive/2016/texmf-dist/tex/generic/oberdiek/infwarerr.sty)
(/usr/local/texlive/2016/texmf-dist/tex/generic/oberdiek/ltxcmds.sty)))
(/usr/local/texlive/2016/texmf-dist/tex/latex/hyperref/hyperref.sty
(/usr/local/texlive/2016/texmf-dist/tex/generic/oberdiek/hobsub-hyperref.sty
(/usr/local/texlive/2016/texmf-dist/tex/generic/oberdiek/hobsub-generic.sty))
(/usr/local/texlive/2016/texmf-dist/tex/generic/ifxetex/ifxetex.sty)
(/usr/local/texlive/2016/texmf-dist/tex/latex/oberdiek/auxhook.sty)
(/usr/local/texlive/2016/texmf-dist/tex/latex/oberdiek/kvoptions.sty)
(/usr/local/texlive/2016/texmf-dist/tex/latex/hyperref/pd1enc.def)
(/usr/local/texlive/2016/texmf-dist/tex/latex/latexconfig/hyperref.cfg))

Package hyperref Message: Driver (autodetected): hpdftex.

(/usr/local/texlive/2016/texmf-dist/tex/latex/hyperref/hpdftex.def
(/usr/local/texlive/2016/texmf-dist/tex/latex/oberdiek/rerunfilecheck.sty))

Package hyperref Warning: Option `hyperindex' has already been used,
(hyperref)                setting the option has no effect on input line 366.


Package hyperref Warning: Option `pagebackref' has already been used,
(hyperref)                setting the option has no effect on input line 366.

) (/usr/local/texlive/2016/texmf-dist/tex/latex/base/makeidx.sty)
(/usr/local/texlive/2016/texmf-dist/tex/latex/base/inputenc.sty
(/usr/local/texlive/2016/texmf-dist/tex/latex/base/utf8.def
(/usr/local/texlive/2016/texmf-dist/tex/latex/base/t1enc.dfu)
(/usr/local/texlive/2016/texmf-dist/tex/latex/base/ot1enc.dfu)
(/usr/local/texlive/2016/texmf-dist/tex/latex/base/omsenc.dfu)
(/usr/local/texlive/2016/texmf-dist/tex/latex/base/ts1enc.dfu)))
Writing index file Rd2.idx
(./Rd2.aux) (/usr/local/texlive/2016/texmf-dist/tex/latex/base/ts1cmr.fd)
(/usr/local/texlive/2016/texmf-dist/tex/latex/psnfss/t1ptm.fd)
(/usr/local/texlive/2016/texmf-dist/tex/context/base/mkii/supp-pdf.mkii
[Loading MPS to PDF converter (version 2006.09.02).]
) (/usr/local/texlive/2016/texmf-dist/tex/latex/hyperref/nameref.sty
(/usr/local/texlive/2016/texmf-dist/tex/generic/oberdiek/gettitlestring.sty))
(./Rd2.out) (./Rd2.out)
(/usr/local/texlive/2016/texmf-dist/tex/latex/base/utf8.def)
(/usr/local/texlive/2016/texmf-dist/tex/latex/inconsolata/t1zi4.fd)
(/usr/local/texlive/2016/texmf-dist/tex/latex/psnfss/ts1ptm.fd)
(/usr/local/texlive/2016/texmf-dist/tex/latex/psnfss/t1phv.fd) (./Rd2.toc
[1{/usr/local/texlive/2016/texmf-var/fonts/map/pdftex/updmap/pdftex.map}])
(/usr/local/texlive/2016/texmf-dist/tex/latex/base/utf8.def)
Overfull \hbox (43.54709pt too wide) in paragraph at lines 67--69
[]\T1/ptm/m/n/10 When this func-tion does not re-turn \T1/zi4/m/n/10 TRUE\T1/pt
m/m/n/10 , it re-turns \T1/zi4/m/n/10 FALSE \T1/ptm/m/n/10 (un-less it er-rors)
. This is un-like [][]\T1/zi4/m/n/10 base::all.equal()[][][]\T1/ptm/m/n/10 . 
[2] (/usr/local/texlive/2016/texmf-dist/tex/latex/base/utf8.def)
(/usr/local/texlive/2016/texmf-dist/tex/latex/base/utf8.def) [3]
(/usr/local/texlive/2016/texmf-dist/tex/latex/base/utf8.def)
(/usr/local/texlive/2016/texmf-dist/tex/latex/base/utf8.def) [4]
(/usr/local/texlive/2016/texmf-dist/tex/latex/base/utf8.def)
(/usr/local/texlive/2016/texmf-dist/tex/latex/base/utf8.def) [5]
(/usr/local/texlive/2016/texmf-dist/tex/latex/base/utf8.def) [6]
(/usr/local/texlive/2016/texmf-dist/tex/latex/base/utf8.def)
(/usr/local/texlive/2016/texmf-dist/tex/latex/base/utf8.def) [7]
(/usr/local/texlive/2016/texmf-dist/tex/latex/base/utf8.def)
(/usr/local/texlive/2016/texmf-dist/tex/latex/base/utf8.def) [8]
(/usr/local/texlive/2016/texmf-dist/tex/latex/base/utf8.def)
(/usr/local/texlive/2016/texmf-dist/tex/latex/base/utf8.def) [9]
(/usr/local/texlive/2016/texmf-dist/tex/latex/base/utf8.def) [10]
(/usr/local/texlive/2016/texmf-dist/tex/latex/base/utf8.def) [11]
(/usr/local/texlive/2016/texmf-dist/tex/latex/base/utf8.def)
(/usr/local/texlive/2016/texmf-dist/tex/latex/base/utf8.def) [12]
(/usr/local/texlive/2016/texmf-dist/tex/latex/base/utf8.def) [13] [14]
(/usr/local/texlive/2016/texmf-dist/tex/latex/base/utf8.def)
(/usr/local/texlive/2016/texmf-dist/tex/latex/base/utf8.def) [15]
(/usr/local/texlive/2016/texmf-dist/tex/latex/base/utf8.def)
(/usr/local/texlive/2016/texmf-dist/tex/latex/base/utf8.def) [16]
(/usr/local/texlive/2016/texmf-dist/tex/latex/base/utf8.def)
(/usr/local/texlive/2016/texmf-dist/tex/latex/base/utf8.def) [17]
(/usr/local/texlive/2016/texmf-dist/tex/latex/base/utf8.def)
(/usr/local/texlive/2016/texmf-dist/tex/latex/base/utf8.def) [18]
(/usr/local/texlive/2016/texmf-dist/tex/latex/base/utf8.def)
(/usr/local/texlive/2016/texmf-dist/tex/latex/base/utf8.def) [19]
(/usr/local/texlive/2016/texmf-dist/tex/latex/base/utf8.def)
(/usr/local/texlive/2016/texmf-dist/tex/latex/base/utf8.def) [20]
(/usr/local/texlive/2016/texmf-dist/tex/latex/base/utf8.def)
(/usr/local/texlive/2016/texmf-dist/tex/latex/base/utf8.def)
(/usr/local/texlive/2016/texmf-dist/tex/latex/base/utf8.def) [21] (./Rd2.ind
[22]

LaTeX Font Warning: Font shape `T1/zi4/m/it' undefined
(Font)              using `T1/zi4/m/n' instead on input line 15.

[23] [24]) (./Rd2.aux)

LaTeX Font Warning: Some font shapes were not available, defaults substituted.

 )
(see the transcript file for additional information)pdfTeX warning (dest): name
{Rfn.strex::str.Rul.trim.Rul.anything\(\)} has been referenced but does not exi
st, replaced by a fixed one

pdfTeX warning (dest): name{Rfn.strex::str.Rul.to.Rul.vec\(\)} has been referen
ced but does not exist, replaced by a fixed one

pdfTeX warning (dest): name{Rfn.strex::str.Rul.split.Rul.camel.Rul.case\(\)} ha
s been referenced but does not exist, replaced by a fixed one

pdfTeX warning (dest): name{Rfn.strex::str.Rul.split.Rul.by.Rul.nums\(\)} has b
een referenced but does not exist, replaced by a fixed one

pdfTeX warning (dest): name{Rfn.strex::str.Rul.paste.Rul.elems\(\)} has been re
ferenced but does not exist, replaced by a fixed one

pdfTeX warning (dest): name{Rfn.strex::str.Rul.locate.Rul.nth\(\)} has been ref
erenced but does not exist, replaced by a fixed one

pdfTeX warning (dest): name{Rfn.stringr::str.Rul.sub\(\)} has been referenced b
ut does not exist, replaced by a fixed one

pdfTeX warning (dest): name{Rfn.strex::str.Rul.elem\(\)} has been referenced bu
t does not exist, replaced by a fixed one

pdfTeX warning (dest): name{Rfn.strex::str.Rul.after.Rul.nth\(\)} has been refe
renced but does not exist, replaced by a fixed one

pdfTeX warning (dest): name{Rfn.strex::str.Rul.singleize\(\)} has been referenc
ed but does not exist, replaced by a fixed one

pdfTeX warning (dest): name{Rfn.strex::str.Rul.remove.Rul.quoted\(\)} has been 
referenced but does not exist, replaced by a fixed one

pdfTeX warning (dest): name{Rfn.as.character} has been referenced but does not 
exist, replaced by a fixed one

pdfTeX warning (dest): name{Rfn.stringr::str.Rul.locate\(\)} has been reference
d but does not exist, replaced by a fixed one

pdfTeX warning (dest): name{Rfn.strex::str.Rul.nth.Rul.number.Rul.after.Rul.mth
\(\)} has been referenced but does not exist, replaced by a fixed one

pdfTeX warning (dest): name{Rfn.strex::str.Rul.alphord.Rul.nums\(\)} has been r
eferenced but does not exist, replaced by a fixed one

pdfTeX warning (dest): name{Rfn.strex::match.Rul.arg\(\)} has been referenced b
ut does not exist, replaced by a fixed one

pdfTeX warning (dest): name{Rfn.strex::str.Rul.locate.Rul.braces\(\)} has been 
referenced but does not exist, replaced by a fixed one

pdfTeX warning (dest): name{Rfn.strex::str.Rul.give.Rul.ext\(\)} has been refer
enced but does not exist, replaced by a fixed one

pdfTeX warning (dest): name{Rfn.strex::str.Rul.extract.Rul.numbers\(\)} has bee
n referenced but does not exist, replaced by a fixed one

pdfTeX warning (dest): name{Rfn.strex::str.Rul.extract.Rul.non.Rul.numerics\(\)
} has been referenced but does not exist, replaced by a fixed one

pdfTeX warning (dest): name{Rfn.strex::str.Rul.get.Rul.currency\(\)} has been r
eferenced but does not exist, replaced by a fixed one

pdfTeX warning (dest): name{Rfn.strex::str.Rul.can.Rul.be.Rul.numeric\(\)} has 
been referenced but does not exist, replaced by a fixed one

pdfTeX warning (dest): name{Rfn.strex::str.Rul.before.Rul.last.Rul.dot\(\)} has
 been referenced but does not exist, replaced by a fixed one

pdfTeX warning (dest): name{Rfn.dplyr::all.Rul.equal\(\)} has been referenced b
ut does not exist, replaced by a fixed one

pdfTeX warning (dest): name{Rfn.base::all.equal\(\)} has been referenced but do
es not exist, replaced by a fixed one

pdfTeX warning (dest): name{Rfn.all.equal} has been referenced but does not exi
st, replaced by a fixed one

{/usr/local/texlive/2016/texmf-dist/fonts/enc/dvips/base/8r.enc}{/usr/local/tex
live/2016/texmf-dist/fonts/enc/dvips/inconsolata/i4-t1-0.enc}</usr/local/texliv
e/2016/texmf-dist/fonts/type1/public/inconsolata/Inconsolata-zi4r.pfb></usr/loc
al/texlive/2016/texmf-dist/fonts/type1/public/amsfonts/cm/cmmi10.pfb></usr/loca
l/texlive/2016/texmf-dist/fonts/type1/public/amsfonts/cm/cmr10.pfb></usr/local/
texlive/2016/texmf-dist/fonts/type1/urw/helvetic/uhvr8a.pfb></usr/local/texlive
/2016/texmf-dist/fonts/type1/urw/times/utmb8a.pfb></usr/local/texlive/2016/texm
f-dist/fonts/type1/urw/times/utmr8a.pfb></usr/local/texlive/2016/texmf-dist/fon
ts/type1/urw/times/utmr8a.pfb></usr/local/texlive/2016/texmf-dist/fonts/type1/u
rw/times/utmri8a.pfb>
Output written on Rd2.pdf (24 pages, 148262 bytes).
Transcript written on Rd2.log.
This is makeindex, version 2.15 [TeX Live 2016] (kpathsea + Thai support).
Scanning input file Rd2.idx....done (104 entries accepted, 0 rejected).
Sorting entries....done (727 comparisons).
Generating output file Rd2.ind....done (200 lines written, 0 warnings).
Output written in Rd2.ind.
Transcript written in Rd2.ilg.
This is pdfTeX, Version 3.14159265-2.6-1.40.17 (TeX Live 2016) (preloaded format=pdflatex)
 restricted \write18 enabled.
entering extended mode
LaTeX2e <2016/03/31>
Babel <3.9r> and hyphenation patterns for 83 language(s) loaded.
(./Rd2.tex
(/usr/local/texlive/2016/texmf-dist/tex/latex/base/book.cls
Document Class: book 2014/09/29 v1.4h Standard LaTeX document class
(/usr/local/texlive/2016/texmf-dist/tex/latex/base/bk10.clo))
(/Library/Frameworks/R.framework/Resources/share/texmf/tex/latex/Rd.sty
(/usr/local/texlive/2016/texmf-dist/tex/latex/base/ifthen.sty)
(/usr/local/texlive/2016/texmf-dist/tex/latex/tools/longtable.sty)
(/usr/local/texlive/2016/texmf-dist/tex/latex/tools/bm.sty)
(/usr/local/texlive/2016/texmf-dist/tex/latex/base/alltt.sty)
(/usr/local/texlive/2016/texmf-dist/tex/latex/tools/verbatim.sty)
(/usr/local/texlive/2016/texmf-dist/tex/latex/url/url.sty)
(/usr/local/texlive/2016/texmf-dist/tex/latex/base/textcomp.sty
(/usr/local/texlive/2016/texmf-dist/tex/latex/base/ts1enc.def))
(/usr/local/texlive/2016/texmf-dist/tex/latex/base/fontenc.sty
(/usr/local/texlive/2016/texmf-dist/tex/latex/base/t1enc.def))
(/usr/local/texlive/2016/texmf-dist/tex/latex/psnfss/times.sty)
(/usr/local/texlive/2016/texmf-dist/tex/latex/inconsolata/zi4.sty
`inconsolata-zi4' v1.10, 2016/02/22 Text macros for Inconsolata (msharpe)
(/usr/local/texlive/2016/texmf-dist/tex/latex/graphics/keyval.sty))
(/usr/local/texlive/2016/texmf-dist/tex/latex/graphics/color.sty
(/usr/local/texlive/2016/texmf-dist/tex/latex/graphics-cfg/color.cfg)
(/usr/local/texlive/2016/texmf-dist/tex/latex/pdftex-def/pdftex.def
(/usr/local/texlive/2016/texmf-dist/tex/generic/oberdiek/infwarerr.sty)
(/usr/local/texlive/2016/texmf-dist/tex/generic/oberdiek/ltxcmds.sty)))
(/usr/local/texlive/2016/texmf-dist/tex/latex/hyperref/hyperref.sty
(/usr/local/texlive/2016/texmf-dist/tex/generic/oberdiek/hobsub-hyperref.sty
(/usr/local/texlive/2016/texmf-dist/tex/generic/oberdiek/hobsub-generic.sty))
(/usr/local/texlive/2016/texmf-dist/tex/generic/ifxetex/ifxetex.sty)
(/usr/local/texlive/2016/texmf-dist/tex/latex/oberdiek/auxhook.sty)
(/usr/local/texlive/2016/texmf-dist/tex/latex/oberdiek/kvoptions.sty)
(/usr/local/texlive/2016/texmf-dist/tex/latex/hyperref/pd1enc.def)
(/usr/local/texlive/2016/texmf-dist/tex/latex/latexconfig/hyperref.cfg))

Package hyperref Message: Driver (autodetected): hpdftex.

(/usr/local/texlive/2016/texmf-dist/tex/latex/hyperref/hpdftex.def
(/usr/local/texlive/2016/texmf-dist/tex/latex/oberdiek/rerunfilecheck.sty))

Package hyperref Warning: Option `hyperindex' has already been used,
(hyperref)                setting the option has no effect on input line 366.


Package hyperref Warning: Option `pagebackref' has already been used,
(hyperref)                setting the option has no effect on input line 366.

) (/usr/local/texlive/2016/texmf-dist/tex/latex/base/makeidx.sty)
(/usr/local/texlive/2016/texmf-dist/tex/latex/base/inputenc.sty
(/usr/local/texlive/2016/texmf-dist/tex/latex/base/utf8.def
(/usr/local/texlive/2016/texmf-dist/tex/latex/base/t1enc.dfu)
(/usr/local/texlive/2016/texmf-dist/tex/latex/base/ot1enc.dfu)
(/usr/local/texlive/2016/texmf-dist/tex/latex/base/omsenc.dfu)
(/usr/local/texlive/2016/texmf-dist/tex/latex/base/ts1enc.dfu)))
Writing index file Rd2.idx
(./Rd2.aux) (/usr/local/texlive/2016/texmf-dist/tex/latex/base/ts1cmr.fd)
(/usr/local/texlive/2016/texmf-dist/tex/latex/psnfss/t1ptm.fd)
(/usr/local/texlive/2016/texmf-dist/tex/context/base/mkii/supp-pdf.mkii
[Loading MPS to PDF converter (version 2006.09.02).]
) (/usr/local/texlive/2016/texmf-dist/tex/latex/hyperref/nameref.sty
(/usr/local/texlive/2016/texmf-dist/tex/generic/oberdiek/gettitlestring.sty))
(./Rd2.out) (./Rd2.out)
(/usr/local/texlive/2016/texmf-dist/tex/latex/base/utf8.def)
(/usr/local/texlive/2016/texmf-dist/tex/latex/inconsolata/t1zi4.fd)
(/usr/local/texlive/2016/texmf-dist/tex/latex/psnfss/ts1ptm.fd)
(/usr/local/texlive/2016/texmf-dist/tex/latex/psnfss/t1phv.fd) (./Rd2.toc
[1{/usr/local/texlive/2016/texmf-var/fonts/map/pdftex/updmap/pdftex.map}])
(/usr/local/texlive/2016/texmf-dist/tex/latex/base/utf8.def)
Overfull \hbox (43.54709pt too wide) in paragraph at lines 67--69
[]\T1/ptm/m/n/10 When this func-tion does not re-turn \T1/zi4/m/n/10 TRUE\T1/pt
m/m/n/10 , it re-turns \T1/zi4/m/n/10 FALSE \T1/ptm/m/n/10 (un-less it er-rors)
. This is un-like [][]\T1/zi4/m/n/10 base::all.equal()[][][]\T1/ptm/m/n/10 . 
[2] (/usr/local/texlive/2016/texmf-dist/tex/latex/base/utf8.def)
(/usr/local/texlive/2016/texmf-dist/tex/latex/base/utf8.def) [3]
(/usr/local/texlive/2016/texmf-dist/tex/latex/base/utf8.def)
(/usr/local/texlive/2016/texmf-dist/tex/latex/base/utf8.def) [4]
(/usr/local/texlive/2016/texmf-dist/tex/latex/base/utf8.def)
(/usr/local/texlive/2016/texmf-dist/tex/latex/base/utf8.def) [5]
(/usr/local/texlive/2016/texmf-dist/tex/latex/base/utf8.def) [6]
(/usr/local/texlive/2016/texmf-dist/tex/latex/base/utf8.def)
(/usr/local/texlive/2016/texmf-dist/tex/latex/base/utf8.def) [7]
(/usr/local/texlive/2016/texmf-dist/tex/latex/base/utf8.def)
(/usr/local/texlive/2016/texmf-dist/tex/latex/base/utf8.def) [8]
(/usr/local/texlive/2016/texmf-dist/tex/latex/base/utf8.def)
(/usr/local/texlive/2016/texmf-dist/tex/latex/base/utf8.def) [9]
(/usr/local/texlive/2016/texmf-dist/tex/latex/base/utf8.def) [10]
(/usr/local/texlive/2016/texmf-dist/tex/latex/base/utf8.def) [11]
(/usr/local/texlive/2016/texmf-dist/tex/latex/base/utf8.def)
(/usr/local/texlive/2016/texmf-dist/tex/latex/base/utf8.def) [12]
(/usr/local/texlive/2016/texmf-dist/tex/latex/base/utf8.def) [13] [14]
(/usr/local/texlive/2016/texmf-dist/tex/latex/base/utf8.def)
(/usr/local/texlive/2016/texmf-dist/tex/latex/base/utf8.def) [15]
(/usr/local/texlive/2016/texmf-dist/tex/latex/base/utf8.def)
(/usr/local/texlive/2016/texmf-dist/tex/latex/base/utf8.def) [16]
(/usr/local/texlive/2016/texmf-dist/tex/latex/base/utf8.def)
(/usr/local/texlive/2016/texmf-dist/tex/latex/base/utf8.def) [17]
(/usr/local/texlive/2016/texmf-dist/tex/latex/base/utf8.def)
(/usr/local/texlive/2016/texmf-dist/tex/latex/base/utf8.def) [18]
(/usr/local/texlive/2016/texmf-dist/tex/latex/base/utf8.def)
(/usr/local/texlive/2016/texmf-dist/tex/latex/base/utf8.def) [19]
(/usr/local/texlive/2016/texmf-dist/tex/latex/base/utf8.def)
(/usr/local/texlive/2016/texmf-dist/tex/latex/base/utf8.def) [20]
(/usr/local/texlive/2016/texmf-dist/tex/latex/base/utf8.def)
(/usr/local/texlive/2016/texmf-dist/tex/latex/base/utf8.def)
(/usr/local/texlive/2016/texmf-dist/tex/latex/base/utf8.def) [21] (./Rd2.ind
[22]

LaTeX Font Warning: Font shape `T1/zi4/m/it' undefined
(Font)              using `T1/zi4/m/n' instead on input line 15.

[23] [24]) (./Rd2.aux)

LaTeX Font Warning: Some font shapes were not available, defaults substituted.

 )
(see the transcript file for additional information)pdfTeX warning (dest): name
{Rfn.strex::str.Rul.trim.Rul.anything\(\)} has been referenced but does not exi
st, replaced by a fixed one

pdfTeX warning (dest): name{Rfn.strex::str.Rul.to.Rul.vec\(\)} has been referen
ced but does not exist, replaced by a fixed one

pdfTeX warning (dest): name{Rfn.strex::str.Rul.split.Rul.camel.Rul.case\(\)} ha
s been referenced but does not exist, replaced by a fixed one

pdfTeX warning (dest): name{Rfn.strex::str.Rul.split.Rul.by.Rul.nums\(\)} has b
een referenced but does not exist, replaced by a fixed one

pdfTeX warning (dest): name{Rfn.strex::str.Rul.paste.Rul.elems\(\)} has been re
ferenced but does not exist, replaced by a fixed one

pdfTeX warning (dest): name{Rfn.strex::str.Rul.locate.Rul.nth\(\)} has been ref
erenced but does not exist, replaced by a fixed one

pdfTeX warning (dest): name{Rfn.stringr::str.Rul.sub\(\)} has been referenced b
ut does not exist, replaced by a fixed one

pdfTeX warning (dest): name{Rfn.strex::str.Rul.elem\(\)} has been referenced bu
t does not exist, replaced by a fixed one

pdfTeX warning (dest): name{Rfn.strex::str.Rul.after.Rul.nth\(\)} has been refe
renced but does not exist, replaced by a fixed one

pdfTeX warning (dest): name{Rfn.strex::str.Rul.singleize\(\)} has been referenc
ed but does not exist, replaced by a fixed one

pdfTeX warning (dest): name{Rfn.strex::str.Rul.remove.Rul.quoted\(\)} has been 
referenced but does not exist, replaced by a fixed one

pdfTeX warning (dest): name{Rfn.as.character} has been referenced but does not 
exist, replaced by a fixed one

pdfTeX warning (dest): name{Rfn.stringr::str.Rul.locate\(\)} has been reference
d but does not exist, replaced by a fixed one

pdfTeX warning (dest): name{Rfn.strex::str.Rul.nth.Rul.number.Rul.after.Rul.mth
\(\)} has been referenced but does not exist, replaced by a fixed one

pdfTeX warning (dest): name{Rfn.strex::str.Rul.alphord.Rul.nums\(\)} has been r
eferenced but does not exist, replaced by a fixed one

pdfTeX warning (dest): name{Rfn.strex::match.Rul.arg\(\)} has been referenced b
ut does not exist, replaced by a fixed one

pdfTeX warning (dest): name{Rfn.strex::str.Rul.locate.Rul.braces\(\)} has been 
referenced but does not exist, replaced by a fixed one

pdfTeX warning (dest): name{Rfn.strex::str.Rul.give.Rul.ext\(\)} has been refer
enced but does not exist, replaced by a fixed one

pdfTeX warning (dest): name{Rfn.strex::str.Rul.extract.Rul.numbers\(\)} has bee
n referenced but does not exist, replaced by a fixed one

pdfTeX warning (dest): name{Rfn.strex::str.Rul.extract.Rul.non.Rul.numerics\(\)
} has been referenced but does not exist, replaced by a fixed one

pdfTeX warning (dest): name{Rfn.strex::str.Rul.get.Rul.currency\(\)} has been r
eferenced but does not exist, replaced by a fixed one

pdfTeX warning (dest): name{Rfn.strex::str.Rul.can.Rul.be.Rul.numeric\(\)} has 
been referenced but does not exist, replaced by a fixed one

pdfTeX warning (dest): name{Rfn.strex::str.Rul.before.Rul.last.Rul.dot\(\)} has
 been referenced but does not exist, replaced by a fixed one

pdfTeX warning (dest): name{Rfn.dplyr::all.Rul.equal\(\)} has been referenced b
ut does not exist, replaced by a fixed one

pdfTeX warning (dest): name{Rfn.base::all.equal\(\)} has been referenced but do
es not exist, replaced by a fixed one

pdfTeX warning (dest): name{Rfn.all.equal} has been referenced but does not exi
st, replaced by a fixed one

{/usr/local/texlive/2016/texmf-dist/fonts/enc/dvips/base/8r.enc}{/usr/local/tex
live/2016/texmf-dist/fonts/enc/dvips/inconsolata/i4-t1-0.enc}</usr/local/texliv
e/2016/texmf-dist/fonts/type1/public/inconsolata/Inconsolata-zi4r.pfb></usr/loc
al/texlive/2016/texmf-dist/fonts/type1/public/amsfonts/cm/cmmi10.pfb></usr/loca
l/texlive/2016/texmf-dist/fonts/type1/public/amsfonts/cm/cmr10.pfb></usr/local/
texlive/2016/texmf-dist/fonts/type1/urw/helvetic/uhvr8a.pfb></usr/local/texlive
/2016/texmf-dist/fonts/type1/urw/times/utmb8a.pfb></usr/local/texlive/2016/texm
f-dist/fonts/type1/urw/times/utmr8a.pfb></usr/local/texlive/2016/texmf-dist/fon
ts/type1/urw/times/utmr8a.pfb></usr/local/texlive/2016/texmf-dist/fonts/type1/u
rw/times/utmri8a.pfb>
Output written on Rd2.pdf (24 pages, 148262 bytes).
Transcript written on Rd2.log.
Saving output to ‘filesstrings-manual.pdf’ ...
Done
You may want to clean up by 'rm -Rf /var/folders/l_/2mwm03p55zg7zjykv084hhvr0000gn/T//RtmpV97NWV/Rd2pdf1e46368c4def'
