* using log directory ‘/Users/rnolan/Dropbox/R/strex/revdep/checks.noindex/filesstrings/new/filesstrings.Rcheck’
* using R version 3.5.3 (2019-03-11)
* using platform: x86_64-apple-darwin15.6.0 (64-bit)
* using session charset: UTF-8
* checking for file ‘filesstrings/DESCRIPTION’ ... OK
* checking extension type ... Package
* this is package ‘filesstrings’ version ‘3.0.0’
* package encoding: UTF-8
* checking package namespace information ... OK
* checking package dependencies ... OK
* checking if this is a source package ... OK
* checking if there is a namespace ... OK
* checking for executable files ... OK
* checking for hidden files and directories ... OK
* checking for portable file names ... OK
* checking for sufficient/correct file permissions ... OK
* checking whether package ‘filesstrings’ can be installed ... ERROR
Installation failed.
See ‘/Users/rnolan/Dropbox/R/strex/revdep/checks.noindex/filesstrings/new/filesstrings.Rcheck/00install.out’ for details.
* DONE
Status: 1 ERROR
